<?xml version="1.0" encoding="UTF-8"?>
<!-- Generated by org.testng.reporters.JUnitReportReporter -->
<testsuite hostname="Kirtan-1910" failures="0" tests="1" name="allTest.TimePassTest" time="0.026" errors="0" timestamp="2022-12-30T21:18:11 IST" skipped="0">
  <testcase classname="allTest.TimePassTest" name="timePass" time="0.026"/>
  <system-out/>
</testsuite> <!-- allTest.TimePassTest -->
