<?xml version="1.0" encoding="UTF-8"?>
<!-- Generated by org.testng.reporters.JUnitReportReporter -->
<testsuite hostname="Kirtan-1910" failures="0" tests="1" name="baseClass.BaseClass" time="0.030" errors="0" timestamp="2022-12-30T17:06:18 IST" skipped="0">
  <testcase classname="baseClass.BaseClass" name="test2" time="0.030"/>
  <system-out/>
</testsuite> <!-- baseClass.BaseClass -->
