<?xml version="1.0" encoding="UTF-8"?>
<!-- Generated by org.testng.reporters.JUnitReportReporter -->
<testsuite hostname="Kirtan-1910" failures="0" tests="3" name="allTest.CucumberRunner" time="36.533" errors="0" timestamp="2023-01-21T21:19:27 IST" skipped="0">
  <testcase classname="allTest.CucumberRunner" name="runScenario" time="25.854"/>
  <system-out/>
  <testcase classname="allTest.CucumberRunner" name="runScenario" time="6.973"/>
  <system-out/>
  <testcase classname="allTest.CucumberRunner" name="runScenario" time="3.706"/>
  <system-out/>
</testsuite> <!-- allTest.CucumberRunner -->
