<?xml version="1.0" encoding="UTF-8"?>
<!-- Generated by org.testng.reporters.JUnitReportReporter -->
<testsuite hostname="Kirtan-1910" failures="0" tests="3" name="allTest.CucumberRunner" time="36.130" errors="0" timestamp="2023-01-21T20:47:26 IST" skipped="0">
  <testcase classname="allTest.CucumberRunner" name="runScenario" time="2.923"/>
  <system-out/>
  <testcase classname="allTest.CucumberRunner" name="runScenario" time="7.828"/>
  <system-out/>
  <testcase classname="allTest.CucumberRunner" name="runScenario" time="25.379"/>
  <system-out/>
</testsuite> <!-- allTest.CucumberRunner -->
